Build started 19.12.2015 17:59:02.
     1>Project "C:\Users\Philipp\Documents\CG2\Ex3\ex1c_SceneGraph\AssetLoading.vcxproj" on node 2 (Build target(s)).
     1>ClCompile:
         C:\Program Files (x86)\Microsoft Visual Studio 14.0\VC\bin\CL.exe /c /IC:\Users\Philipp\Documents\VertiefungCG2015\externalLibs\assimp\include /IC:\Users\Philipp\Documents\VertiefungCG2015\externalLibs\glm\include /IC:\Users\Philipp\Documents\VertiefungCG2015\externalLibs\sfml\include /IC:\Users\Philipp\Documents\VertiefungCG2015\externalLibs\glew\include /Zi /nologo /W3 /WX- /O2 /Oi /Oy- /GL /D WIN32 /D NDEBUG /D _CONSOLE /D _UNICODE /D UNICODE /Gm- /EHsc /MD /GS /Gy /fp:precise /Zc:wchar_t /Zc:forScope /Zc:inline /Fo"Release\\" /Fd"Release\vc140.pdb" /Gd /TP /analyze- /errorReport:prompt ..\..\common\arcball.cpp ..\..\common\glsl.cpp main.cpp
         arcball.cpp
         glsl.cpp
         main.cpp
     1>main.cpp(17): warning C4018: '<': signed/unsigned mismatch
     1>main.cpp(20): warning C4018: '<': signed/unsigned mismatch
     1>main.cpp(48): warning C4018: '<': signed/unsigned mismatch
     1>main.cpp(58): warning C4018: '<': signed/unsigned mismatch
     1>main.cpp(71): warning C4018: '<': signed/unsigned mismatch
     1>main.cpp(97): warning C4018: '<': signed/unsigned mismatch
     1>main.cpp(122): warning C4305: 'initializing': truncation from 'double' to 'float'
     1>main.cpp(123): warning C4305: 'initializing': truncation from 'double' to 'float'
     1>main.cpp(261): warning C4305: '+=': truncation from 'double' to 'float'
     1>main.cpp(266): warning C4305: '-=': truncation from 'double' to 'float'
     1>main.cpp(287): warning C4018: '<': signed/unsigned mismatch
     1>main.cpp(332): warning C4018: '<': signed/unsigned mismatch
     1>main.cpp(334): warning C4018: '<': signed/unsigned mismatch
     1>main.cpp(383): warning C4244: 'argument': conversion from 'unsigned int' to 'const float', possible loss of data
     1>main.cpp(385): warning C4244: 'argument': conversion from 'float' to 'const int', possible loss of data
       Link:
         C:\Program Files (x86)\Microsoft Visual Studio 14.0\VC\bin\link.exe /ERRORREPORT:PROMPT /OUT:"..\..\bin\SceneGraph.exe" /INCREMENTAL:NO /NOLOGO /LIBPATH:C:\Users\Philipp\Documents\VertiefungCG2015\externalLibs\assimp\lib /LIBPATH:C:\Users\Philipp\Documents\VertiefungCG2015\externalLibs\sfml\lib /LIBPATH:C:\Users\Philipp\Documents\VertiefungCG2015\externalLibs\glew\lib glew32.lib assimp.lib "sfml-graphics.lib" "sfml-system.lib" "sfml-main.lib" "sfml-window.lib" opengl32.lib kernel32.lib user32.lib gdi32.lib winspool.lib comdlg32.lib advapi32.lib shell32.lib ole32.lib oleaut32.lib uuid.lib odbc32.lib odbccp32.lib kernel32.lib user32.lib gdi32.lib winspool.lib comdlg32.lib advapi32.lib shell32.lib ole32.lib oleaut32.lib uuid.lib odbc32.lib odbccp32.lib /MANIFEST /MANIFESTUAC:"level='asInvoker' uiAccess='false'" /manifest:embed /Debug /PDB:"..\..\bin\SceneGraph.pdb" /SUBSYSTEM:CONSOLE /OPT:REF /OPT:ICF /LTCG:incremental /TLBID:1 /DYNAMICBASE /NXCOMPAT /IMPLIB:"..\..\bin\SceneGraph.lib" /MACHINE:X86 /SAFESEH Release\arcball.obj
         Release\glsl.obj
         Release\main.obj
         Generating code
         All 1093 functions were compiled because no usable IPDB/IOBJ from previous compilation was found.
         Finished generating code
         AssetLoading.vcxproj -> C:\Users\Philipp\Documents\CG2\Ex3\ex1c_SceneGraph\..\..\bin\SceneGraph.exe
     1>Done Building Project "C:\Users\Philipp\Documents\CG2\Ex3\ex1c_SceneGraph\AssetLoading.vcxproj" (Build target(s)).

Build succeeded.

Time Elapsed 00:00:05.34
